app/build/intermediates/manifest_merge_blame_file/debug/manifest-merger-blame-debug-report.txt
1<?xml version="1.0" encoding="utf-8"?>
2<manifest xmlns:android="http://schemas.android.com/apk/res/android"
3    package="com.example.twoactivitieslifecycle"
4    android:versionCode="1"
5    android:versionName="1.0" >
6
7    <uses-sdk
8        android:minSdkVersion="16"
8-->src\main\AndroidManifest.xml
9        android:targetSdkVersion="30" />
9-->src\main\AndroidManifest.xml
10
11    <application
11-->src\main\AndroidManifest.xml:5:5-26:19
12        android:allowBackup="true"
12-->src\main\AndroidManifest.xml:6:9-35
13        android:appComponentFactory="androidx.core.app.CoreComponentFactory"
13-->[androidx.core:core:1.3.1] AndroidManifest.xml:24:18-86
14        android:debuggable="true"
15        android:icon="@mipmap/ic_launcher"
15-->src\main\AndroidManifest.xml:7:9-43
16        android:label="@string/app_name"
16-->src\main\AndroidManifest.xml:8:9-41
17        android:roundIcon="@mipmap/ic_launcher_round"
17-->src\main\AndroidManifest.xml:9:9-54
18        android:supportsRtl="true"
18-->src\main\AndroidManifest.xml:10:9-35
19        android:testOnly="true"
20        android:theme="@style/Theme.TwoActivities" >
20-->src\main\AndroidManifest.xml:11:9-51
21        <activity
21-->src\main\AndroidManifest.xml:12:9-18:20
22            android:name="com.example.twoactivitieslifecycle.SecondActivity"
22-->src\main\AndroidManifest.xml:12:19-83
23            android:label="@string/activity2_name"
23-->src\main\AndroidManifest.xml:13:13-53
24            android:parentActivityName="com.example.twoactivitieslifecycle.MainActivity" >
24-->src\main\AndroidManifest.xml:14:13-89
25            <meta-data
25-->src\main\AndroidManifest.xml:15:13-17:83
26                android:name="android.support.PARENT_ACTIVITY"
26-->src\main\AndroidManifest.xml:16:17-63
27                android:value="com.example.twoactivitieslifecycle.MainActivity" />
27-->src\main\AndroidManifest.xml:17:17-80
28        </activity>
29        <activity android:name="com.example.twoactivitieslifecycle.MainActivity" >
29-->src\main\AndroidManifest.xml:19:9-25:20
29-->src\main\AndroidManifest.xml:19:19-81
30            <intent-filter>
30-->src\main\AndroidManifest.xml:20:13-24:29
31                <action android:name="android.intent.action.MAIN" />
31-->src\main\AndroidManifest.xml:21:17-69
31-->src\main\AndroidManifest.xml:21:25-66
32
33                <category android:name="android.intent.category.LAUNCHER" />
33-->src\main\AndroidManifest.xml:23:17-77
33-->src\main\AndroidManifest.xml:23:27-74
34            </intent-filter>
35        </activity>
36    </application>
37
38</manifest>